# JRE version: OpenJDK Runtime Environment (17.0.6) (build 17.0.6+0-17.0.6b829.9-10027231)
# Java VM: OpenJDK 64-Bit Server VM (17.0.6+0-17.0.6b829.9-10027231, mixed mode, tiered, compressed oops, compressed class ptrs, g1 gc, linux-amd64)
GC Precious Log:
 CPUs: 8 total, 8 available
 Memory: 14507M
 Large Page Support: Disabled
 NUMA Support: Disabled
 Compressed Oops: Enabled (32-bit)
 Heap Region Size: 1M
 Heap Min Capacity: 8M
 Heap Initial Capacity: 228M
 Heap Max Capacity: 2G
 Pre-touch: Disabled
 Parallel Workers: 8
 Concurrent Workers: 2
 Concurrent Refinement Workers: 8
 Periodic GC: Disabled
Heap:
 garbage-first heap   total 347136K, used 212132K [0x0000000080000000, 0x0000000100000000)
  region size 1024K, 77 young (78848K), 4 survivors (4096K)
 Metaspace       used 92159K, committed 92928K, reserved 1130496K
  class space    used 12645K, committed 12992K, reserved 1048576K
GC Heap History (20 events):
Event: 9.618 GC heap before
{Heap before GC invocations=32 (full 0):
 garbage-first heap   total 222208K, used 170400K [0x0000000080000000, 0x0000000100000000)
  region size 1024K, 46 young (47104K), 6 survivors (6144K)
 Metaspace       used 91994K, committed 92736K, reserved 1130496K
  class space    used 12637K, committed 12992K, reserved 1048576K
}
Event: 9.620 GC heap after
{Heap after GC invocations=33 (full 0):
 garbage-first heap   total 222208K, used 131658K [0x0000000080000000, 0x0000000100000000)
  region size 1024K, 5 young (5120K), 5 survivors (5120K)
 Metaspace       used 91994K, committed 92736K, reserved 1130496K
  class space    used 12637K, committed 12992K, reserved 1048576K
}
Event: 9.632 GC heap before
{Heap before GC invocations=33 (full 0):
 garbage-first heap   total 222208K, used 135754K [0x0000000080000000, 0x0000000100000000)
  region size 1024K, 10 young (10240K), 5 survivors (5120K)
 Metaspace       used 92009K, committed 92736K, reserved 1130496K
  class space    used 12637K, committed 12992K, reserved 1048576K
}
Event: 9.634 GC heap after
{Heap after GC invocations=34 (full 0):
 garbage-first heap   total 222208K, used 130904K [0x0000000080000000, 0x0000000100000000)
  region size 1024K, 1 young (1024K), 1 survivors (1024K)
 Metaspace       used 92009K, committed 92736K, reserved 1130496K
  class space    used 12637K, committed 12992K, reserved 1048576K
}
Event: 9.720 GC heap before
{Heap before GC invocations=34 (full 0):
 garbage-first heap   total 222208K, used 183128K [0x0000000080000000, 0x0000000100000000)
  region size 1024K, 54 young (55296K), 1 survivors (1024K)
 Metaspace       used 92074K, committed 92800K, reserved 1130496K
  class space    used 12637K, committed 12992K, reserved 1048576K
}
Event: 9.722 GC heap after
{Heap after GC invocations=35 (full 0):
 garbage-first heap   total 222208K, used 133533K [0x0000000080000000, 0x0000000100000000)
  region size 1024K, 4 young (4096K), 4 survivors (4096K)
 Metaspace       used 92074K, committed 92800K, reserved 1130496K
  class space    used 12637K, committed 12992K, reserved 1048576K
}
Event: 9.798 GC heap before
{Heap before GC invocations=35 (full 0):
 garbage-first heap   total 222208K, used 187805K [0x0000000080000000, 0x0000000100000000)
  region size 1024K, 56 young (57344K), 4 survivors (4096K)
 Metaspace       used 92085K, committed 92800K, reserved 1130496K
  class space    used 12637K, committed 12992K, reserved 1048576K
}
Event: 9.802 GC heap after
{Heap after GC invocations=36 (full 0):
 garbage-first heap   total 326656K, used 132387K [0x0000000080000000, 0x0000000100000000)
  region size 1024K, 3 young (3072K), 3 survivors (3072K)
 Metaspace       used 92085K, committed 92800K, reserved 1130496K
  class space    used 12637K, committed 12992K, reserved 1048576K
}
Event: 9.980 GC heap before
{Heap before GC invocations=36 (full 0):
 garbage-first heap   total 347136K, used 262435K [0x0000000080000000, 0x0000000100000000)
  region size 1024K, 131 young (134144K), 3 survivors (3072K)
 Metaspace       used 92108K, committed 92800K, reserved 1130496K
  class space    used 12638K, committed 12992K, reserved 1048576K
}
Event: 9.982 GC heap after
{Heap after GC invocations=37 (full 0):
 garbage-first heap   total 347136K, used 132237K [0x0000000080000000, 0x0000000100000000)
  region size 1024K, 3 young (3072K), 3 survivors (3072K)
 Metaspace       used 92108K, committed 92800K, reserved 1130496K
  class space    used 12638K, committed 12992K, reserved 1048576K
}
Event: 10.146 GC heap before
{Heap before GC invocations=38 (full 0):
 garbage-first heap   total 347136K, used 296077K [0x0000000080000000, 0x0000000100000000)
  region size 1024K, 164 young (167936K), 3 survivors (3072K)
 Metaspace       used 92112K, committed 92800K, reserved 1130496K
  class space    used 12638K, committed 12992K, reserved 1048576K
}
Event: 10.148 GC heap after
{Heap after GC invocations=39 (full 0):
 garbage-first heap   total 347136K, used 133313K [0x0000000080000000, 0x0000000100000000)
  region size 1024K, 4 young (4096K), 4 survivors (4096K)
 Metaspace       used 92112K, committed 92800K, reserved 1130496K
  class space    used 12638K, committed 12992K, reserved 1048576K
}
Event: 10.160 GC heap before
{Heap before GC invocations=39 (full 0):
 garbage-first heap   total 347136K, used 144577K [0x0000000080000000, 0x0000000100000000)
  region size 1024K, 16 young (16384K), 4 survivors (4096K)
 Metaspace       used 92112K, committed 92800K, reserved 1130496K
  class space    used 12638K, committed 12992K, reserved 1048576K
}
Event: 10.162 GC heap after
{Heap after GC invocations=40 (full 0):
 garbage-first heap   total 347136K, used 133064K [0x0000000080000000, 0x0000000100000000)
  region size 1024K, 1 young (1024K), 1 survivors (1024K)
 Metaspace       used 92112K, committed 92800K, reserved 1130496K
  class space    used 12638K, committed 12992K, reserved 1048576K
}
Event: 10.348 GC heap before
{Heap before GC invocations=40 (full 0):
 garbage-first heap   total 347136K, used 298952K [0x0000000080000000, 0x0000000100000000)
  region size 1024K, 165 young (168960K), 1 survivors (1024K)
 Metaspace       used 92116K, committed 92864K, reserved 1130496K
  class space    used 12638K, committed 12992K, reserved 1048576K
}
Event: 10.350 GC heap after
{Heap after GC invocations=41 (full 0):
 garbage-first heap   total 347136K, used 133956K [0x0000000080000000, 0x0000000100000000)
  region size 1024K, 2 young (2048K), 2 survivors (2048K)
 Metaspace       used 92116K, committed 92864K, reserved 1130496K
  class space    used 12638K, committed 12992K, reserved 1048576K
}
Event: 10.546 GC heap before
{Heap before GC invocations=41 (full 0):
 garbage-first heap   total 347136K, used 301892K [0x0000000080000000, 0x0000000100000000)
  region size 1024K, 166 young (169984K), 2 survivors (2048K)
 Metaspace       used 92117K, committed 92864K, reserved 1130496K
  class space    used 12638K, committed 12992K, reserved 1048576K
}
Event: 10.549 GC heap after
{Heap after GC invocations=42 (full 0):
 garbage-first heap   total 347136K, used 135162K [0x0000000080000000, 0x0000000100000000)
  region size 1024K, 3 young (3072K), 3 survivors (3072K)
 Metaspace       used 92117K, committed 92864K, reserved 1130496K
  class space    used 12638K, committed 12992K, reserved 1048576K
}
Event: 11.298 GC heap before
{Heap before GC invocations=42 (full 0):
 garbage-first heap   total 347136K, used 303098K [0x0000000080000000, 0x0000000100000000)
  region size 1024K, 167 young (171008K), 3 survivors (3072K)
 Metaspace       used 92154K, committed 92928K, reserved 1130496K
  class space    used 12645K, committed 12992K, reserved 1048576K
}
Event: 11.301 GC heap after
{Heap after GC invocations=43 (full 0):
 garbage-first heap   total 347136K, used 136356K [0x0000000080000000, 0x0000000100000000)
  region size 1024K, 4 young (4096K), 4 survivors (4096K)
 Metaspace       used 92154K, committed 92928K, reserved 1130496K
  class space    used 12645K, committed 12992K, reserved 1048576K
}

